INFO main org.springframework.web.context.ContextLoader -Root WebApplicationContext: initialization started
INFO main org.springframework.web.context.support.XmlWebApplicationContext -Refreshing Root WebApplicationContext: startup date [Wed Aug 30 19:17:39 CST 2017]; root of context hierarchy
INFO main org.springframework.beans.factory.xml.XmlBeanDefinitionReader -Loading XML bean definitions from class path resource [applicationContext.xml]
INFO main org.springframework.beans.factory.annotation.AutowiredAnnotationBeanPostProcessor -JSR-330 'javax.inject.Inject' annotation found and supported for autowiring
INFO main org.springframework.ui.freemarker.SpringTemplateLoader -SpringTemplateLoader for FreeMarker: using resource loader [Root WebApplicationContext: startup date [Wed Aug 30 19:17:39 CST 2017]; root of context hierarchy] and template loader path [/src/main/webapp/frontend/]
INFO main org.springframework.web.servlet.view.freemarker.FreeMarkerConfigurer -ClassTemplateLoader for Spring macros added to FreeMarker configuration
INFO main org.springframework.web.context.ContextLoader -Root WebApplicationContext: initialization completed in 670 ms
INFO main org.springframework.web.servlet.DispatcherServlet -FrameworkServlet 'SpringMVC': initialization started
INFO main org.springframework.web.context.support.XmlWebApplicationContext -Refreshing WebApplicationContext for namespace 'SpringMVC-servlet': startup date [Wed Aug 30 19:17:40 CST 2017]; parent: Root WebApplicationContext
INFO main org.springframework.beans.factory.xml.XmlBeanDefinitionReader -Loading XML bean definitions from class path resource [spring-mvc.xml]
INFO main org.springframework.beans.factory.annotation.AutowiredAnnotationBeanPostProcessor -JSR-330 'javax.inject.Inject' annotation found and supported for autowiring
INFO main org.springframework.web.servlet.view.freemarker.FreeMarkerConfigurer -ClassTemplateLoader for Spring macros added to FreeMarker configuration
INFO main org.springframework.web.servlet.mvc.annotation.DefaultAnnotationHandlerMapping -Mapped URL path [/index] onto handler 'SSMController'
INFO main org.springframework.web.servlet.mvc.annotation.DefaultAnnotationHandlerMapping -Mapped URL path [/index.*] onto handler 'SSMController'
INFO main org.springframework.web.servlet.mvc.annotation.DefaultAnnotationHandlerMapping -Mapped URL path [/index/] onto handler 'SSMController'
INFO main org.springframework.web.servlet.mvc.annotation.DefaultAnnotationHandlerMapping -Mapped URL path [/getCollectBookByUsername] onto handler 'SSMController'
INFO main org.springframework.web.servlet.mvc.annotation.DefaultAnnotationHandlerMapping -Mapped URL path [/getCollectBookByUsername.*] onto handler 'SSMController'
INFO main org.springframework.web.servlet.mvc.annotation.DefaultAnnotationHandlerMapping -Mapped URL path [/getCollectBookByUsername/] onto handler 'SSMController'
INFO main org.springframework.web.servlet.mvc.annotation.DefaultAnnotationHandlerMapping -Mapped URL path [/selectAllUsers] onto handler 'SSMController'
INFO main org.springframework.web.servlet.mvc.annotation.DefaultAnnotationHandlerMapping -Mapped URL path [/selectAllUsers.*] onto handler 'SSMController'
INFO main org.springframework.web.servlet.mvc.annotation.DefaultAnnotationHandlerMapping -Mapped URL path [/selectAllUsers/] onto handler 'SSMController'
INFO main org.springframework.web.servlet.mvc.annotation.DefaultAnnotationHandlerMapping -Mapped URL path [/getCommentContentByUsername] onto handler 'SSMController'
INFO main org.springframework.web.servlet.mvc.annotation.DefaultAnnotationHandlerMapping -Mapped URL path [/getCommentContentByUsername.*] onto handler 'SSMController'
INFO main org.springframework.web.servlet.mvc.annotation.DefaultAnnotationHandlerMapping -Mapped URL path [/getCommentContentByUsername/] onto handler 'SSMController'
INFO main org.springframework.web.servlet.mvc.annotation.DefaultAnnotationHandlerMapping -Mapped URL path [/uploadFile] onto handler 'SSMController'
INFO main org.springframework.web.servlet.mvc.annotation.DefaultAnnotationHandlerMapping -Mapped URL path [/uploadFile.*] onto handler 'SSMController'
INFO main org.springframework.web.servlet.mvc.annotation.DefaultAnnotationHandlerMapping -Mapped URL path [/uploadFile/] onto handler 'SSMController'
INFO main org.springframework.web.servlet.DispatcherServlet -FrameworkServlet 'SpringMVC': initialization completed in 252 ms
